[INFO  - 2021-02-24T04:41:25.270Z] GhostDriver - Main - running on port 34393
[INFO  - 2021-02-24T04:41:26.215Z] Session [8dbdc310-765a-11eb-a6e8-ab968b6d64c9] - page.settings - {"XSSAuditingEnabled":false,"javascriptCanCloseWindows":true,"javascriptCanOpenWindows":true,"javascriptEnabled":true,"loadImages":true,"localToRemoteUrlAccessEnabled":false,"userAgent":"Mozilla/5.0 (Unknown; Linux x86_64) AppleWebKit/538.1 (KHTML, like Gecko) PhantomJS/2.1.1 Safari/538.1","webSecurityEnabled":true}
[INFO  - 2021-02-24T04:41:26.215Z] Session [8dbdc310-765a-11eb-a6e8-ab968b6d64c9] - page.customHeaders:  - {}
[INFO  - 2021-02-24T04:41:26.215Z] Session [8dbdc310-765a-11eb-a6e8-ab968b6d64c9] - Session.negotiatedCapabilities - {"browserName":"phantomjs","version":"2.1.1","driverName":"ghostdriver","driverVersion":"1.2.0","platform":"linux-unknown-64bit","javascriptEnabled":true,"takesScreenshot":true,"handlesAlerts":false,"databaseEnabled":false,"locationContextEnabled":false,"applicationCacheEnabled":false,"browserConnectionEnabled":false,"cssSelectorsEnabled":true,"webStorageEnabled":false,"rotatable":false,"acceptSslCerts":false,"nativeEvents":true,"proxy":{"proxyType":"direct"}}
[INFO  - 2021-02-24T04:41:26.215Z] SessionManagerReqHand - _postNewSessionCommand - New Session Created: 8dbdc310-765a-11eb-a6e8-ab968b6d64c9
[ERROR - 2021-02-24T04:41:26.997Z] Session [8dbdc310-765a-11eb-a6e8-ab968b6d64c9] - page.onError - msg: ReferenceError: Can't find variable: Promise

  phantomjs://platform/console++.js:263 in error
[ERROR - 2021-02-24T04:41:26.997Z] Session [8dbdc310-765a-11eb-a6e8-ab968b6d64c9] - page.onError - stack:
  (anonymous function) (https://www.allrecipes.com/search/results/?sort=re&wt=mashed%20potatoes:86)

  phantomjs://platform/console++.js:263 in error
[ERROR - 2021-02-24T04:41:27.205Z] Session [8dbdc310-765a-11eb-a6e8-ab968b6d64c9] - page.onError - msg: ReferenceError: Can't find variable: s

  phantomjs://platform/console++.js:263 in error
[ERROR - 2021-02-24T04:41:27.205Z] Session [8dbdc310-765a-11eb-a6e8-ab968b6d64c9] - page.onError - stack:
  global code (https://www.allrecipes.com/search/results/?sort=re&wt=mashed%20potatoes:2192)

  phantomjs://platform/console++.js:263 in error
[ERROR - 2021-02-24T04:41:29.069Z] Session [8dbdc310-765a-11eb-a6e8-ab968b6d64c9] - page.onError - msg: Unhandled promise rejection Error: NotSupportedError: DOM Exception 9

  phantomjs://platform/console++.js:263 in error
[ERROR - 2021-02-24T04:41:29.069Z] Session [8dbdc310-765a-11eb-a6e8-ab968b6d64c9] - page.onError - stack:
  (anonymous function) (https://cdn.segment.com/analytics.js/v1/RnmsxUrjIjM7W62olfjKgJrcsVlxe68V/analytics.min.js:14)

  phantomjs://platform/console++.js:263 in error
[ERROR - 2021-02-24T04:41:29.711Z] WebElementLocator - _handleLocateCommand - Element(s) NOT Found: GAVE UP. Search Stop Time: 1614141689678

  phantomjs://platform/console++.js:263 in error
